<?xml version="1.0" encoding="UTF-8" standalone="no"?>
<testsuite failures="0" name="cucumber.runtime.formatter.JUnitFormatter" skipped="0" tests="1" time="9.612017">
<testcase classname="To validate the login functionality of facebook application" name="To validate the login functionality with invalid username and password" time="9.612017">
<system-out><![CDATA[Given The user should be in facebook page...................................passed
When The user has to fill invalid "manoj"and "34567"........................passed
And The user has to click the "login" button................................passed
Then The user should navigate to the invalid login page.....................passed
]]></system-out>
</testcase>
</testsuite>
